Build started 18/10/2016 21:50:34.
     1>Project "G:\projects\mini-estufa\UI\exemplo01\exemplo01.vcxproj" on node 2 (Build target(s)).
     1>ClCompile:
         C:\Program Files (x86)\Microsoft Visual Studio 11.0\VC\bin\CL.exe /c /ZI /nologo /W3 /WX- /sdl /Od /Oy- /D WIN32 /D _DEBUG /D _WINDOWS /D _UNICODE /D UNICODE /Gm /EHsc /RTC1 /MDd /GS /fp:precise /Zc:wchar_t /Zc:forScope /Yu"stdafx.h" /Fp"Debug\ui_mini_estufa.pch" /Fo"Debug\\" /Fd"Debug\vc110.pdb" /Gd /TP /analyze- /errorReport:prompt UiUtils.cpp
         UiUtils.cpp
     1>g:\projects\mini-estufa\ui\exemplo01\uiutils.cpp(42): warning C4244: '=' : conversion from 'WORD' to 'char', possible loss of data
     1>g:\projects\mini-estufa\ui\exemplo01\uiutils.cpp(28): warning C4715: 'plantName' : not all control paths return a value
       ResourceCompile:
         C:\Program Files (x86)\Windows Kits\8.0\bin\x86\rc.exe /D _UNICODE /D UNICODE /l"0x0409" /nologo /fo"Debug\exemplo01.res" exemplo01.rc 
     1>C:\Program Files (x86)\Windows Kits\8.0\Include\shared\SDKDDKVer.h(38): warning RC4005: '_WIN32_WINNT_WIN7' : redefinition
         
       Link:
         C:\Program Files (x86)\Microsoft Visual Studio 11.0\VC\bin\link.exe /ERRORREPORT:PROMPT /OUT:"G:\projects\mini-estufa\UI\Debug\ui_mini_estufa.exe" /INCREMENTAL /NOLOGO kernel32.lib user32.lib gdi32.lib winspool.lib comdlg32.lib advapi32.lib shell32.lib ole32.lib oleaut32.lib uuid.lib odbc32.lib odbccp32.lib /MANIFEST /MANIFESTUAC:"level='asInvoker' uiAccess='false'" /manifest:embed /DEBUG /PDB:"G:\projects\mini-estufa\UI\Debug\ui_mini_estufa.pdb" /SUBSYSTEM:WINDOWS /TLBID:1 /DYNAMICBASE /NXCOMPAT /IMPLIB:"G:\projects\mini-estufa\UI\Debug\ui_mini_estufa.lib" /MACHINE:X86 Debug\exemplo01.res
         Debug\DateUtils.obj
         Debug\Protocol.obj
         Debug\UiUtils.obj
         Debug\ui_mini_estufa.obj
         Debug\stdafx.obj
         exemplo01.vcxproj -> G:\projects\mini-estufa\UI\Debug\ui_mini_estufa.exe
     1>Done Building Project "G:\projects\mini-estufa\UI\exemplo01\exemplo01.vcxproj" (Build target(s)).

Build succeeded.

Time Elapsed 00:00:00.59
